<?xml version="1.0" encoding="UTF-8"?>
<!-- Generated by org.testng.reporters.JUnitReportReporter -->
<testsuite hostname="45SBRXCMKTTIFGP" name="com.testcase.Logintestcase" tests="1" failures="0" timestamp="25 Mar 2019 03:31:22 GMT" time="10.183" errors="0">
  <testcase name="login" time="10.183" classname="com.testcase.Logintestcase"/>
</testsuite> <!-- com.testcase.Logintestcase -->
